<?xml version="1.0" encoding="UTF-8"?>
<!-- Generated by org.testng.reporters.JUnitReportReporter -->
<testsuite skipped="0" hostname="nayans-MacBook-Pro.local" name="RestAssu.PostRequest" tests="1" failures="0" timestamp="2020-05-02T02:00:47 IST" time="1.334" errors="0">
  <testcase name="postmethod" time="1.334" classname="RestAssu.PostRequest"/>
  <system-out/>
</testsuite> <!-- RestAssu.PostRequest -->
