<?xml version="1.0" encoding="UTF-8"?>
<!-- Generated by org.testng.reporters.JUnitReportReporter -->
<testsuite skipped="0" hostname="nayans-MacBook-Pro.local" name="RestAssu.PostRequest_Example4" tests="1" failures="0" timestamp="2020-05-02T11:31:34 IST" time="0.725" errors="0">
  <testcase name="StaticJson" time="0.725" classname="RestAssu.PostRequest_Example4"/>
  <system-out/>
</testsuite> <!-- RestAssu.PostRequest_Example4 -->
