<?xml version="1.0" encoding="UTF-8"?>
<!-- Generated by org.testng.reporters.JUnitReportReporter -->
<testsuite skipped="0" hostname="nayans-MacBook-Pro.local" name="RestAssu.PostRequest_Example3" tests="3" failures="0" timestamp="2020-05-02T11:34:37 IST" time="1.510" errors="0">
  <testcase name="postmethod" time="0.037" classname="RestAssu.PostRequest_Example3"/>
  <system-out/>
  <testcase name="postmethod" time="0.062" classname="RestAssu.PostRequest_Example3"/>
  <system-out/>
  <testcase name="postmethod" time="1.411" classname="RestAssu.PostRequest_Example3"/>
  <system-out/>
</testsuite> <!-- RestAssu.PostRequest_Example3 -->
