<?xml version="1.0" encoding="UTF-8"?>
<!-- Generated by org.testng.reporters.JUnitReportReporter -->
<testsuite skipped="0" hostname="nayans-MacBook-Pro.local" name="RestAssu.GetRequest_Example2" tests="1" failures="0" timestamp="2020-05-24T11:11:28 IST" time="0.575" errors="0">
  <testcase name="StaticJson" time="0.575" classname="RestAssu.GetRequest_Example2"/>
  <system-out/>
</testsuite> <!-- RestAssu.GetRequest_Example2 -->
