<?xml version="1.0" encoding="UTF-8"?>
<!-- Generated by org.testng.reporters.JUnitReportReporter -->
<testsuite skipped="0" hostname="nayans-MacBook-Pro.local" name="RestAssu.PostRequest_Example2" tests="1" failures="0" timestamp="2020-05-02T13:10:53 IST" time="1.168" errors="0">
  <testcase name="postmethod" time="1.168" classname="RestAssu.PostRequest_Example2"/>
  <system-out/>
</testsuite> <!-- RestAssu.PostRequest_Example2 -->
