<?xml version="1.0" encoding="UTF-8"?>
<!-- Generated by org.testng.reporters.JUnitReportReporter -->
<testsuite skipped="0" hostname="nayans-MacBook-Pro.local" name="RestAssu.GetRequest" tests="1" failures="0" timestamp="06 Sep 2020 17:49:48 GMT" time="3.014" errors="0">
  <testcase name="main" time="3.014" classname="RestAssu.GetRequest"/>
</testsuite> <!-- RestAssu.GetRequest -->
