<?xml version="1.0" encoding="UTF-8"?>
<!-- Generated by org.testng.reporters.JUnitReportReporter -->
<testsuite skipped="0" hostname="nayans-MacBook-Pro.local" name="RestAssu.seleniumCode" tests="1" failures="0" timestamp="10 Oct 2020 19:44:31 GMT" time="15.213" errors="0">
  <testcase name="main" time="15.213" classname="RestAssu.seleniumCode"/>
</testsuite> <!-- RestAssu.seleniumCode -->
