<?xml version="1.0" encoding="UTF-8"?>
<!-- Generated by org.testng.reporters.JUnitReportReporter -->
<testsuite hostname="nayans-MacBook-Air.local" failures="0" tests="2" name="TestBase.TestParallerRun" time="12.652" errors="0" timestamp="01 Jun 2019 08:24:33 GMT" skipped="0">
  <testcase classname="TestBase.TestParallerRun" name="user_Navigate_to_LogIn_Page" time="2.862"/>
  <testcase classname="TestBase.TestParallerRun" name="user_Navigate_to_LogIn_Page" time="9.790"/>
</testsuite> <!-- TestBase.TestParallerRun -->
