<?xml version="1.0" encoding="UTF-8"?>
<!-- Generated by org.testng.reporters.JUnitReportReporter -->
<testsuite hostname="nayans-MacBook-Air.local" failures="0" tests="1" name="TestBase.SeleniumWebdriver" time="7.537" errors="0" timestamp="22 Jun 2019 05:10:23 GMT" skipped="0">
  <testcase classname="TestBase.SeleniumWebdriver" name="userison_homepage" time="7.537"/>
</testsuite> <!-- TestBase.SeleniumWebdriver -->
