<?xml version="1.0" encoding="UTF-8"?>
<!-- Generated by org.testng.reporters.JUnitReportReporter -->
<testsuite hostname="nayans-MacBook-Air.local" failures="0" tests="1" name="TestBase.RestAPI" time="4.893" errors="0" timestamp="23 Jun 2019 06:39:00 GMT" skipped="0">
  <testcase classname="TestBase.RestAPI" name="GetWeatherDetails" time="4.893"/>
</testsuite> <!-- TestBase.RestAPI -->
